2020-01-02 14:41:16.649 [main] INFO  com.iocasckani.KeyierappApplication - Starting KeyierappApplication on DESKTOP-HDA3A8P with PID 7764 (D:\local_idea_work\file\target\classes started by 18487 in D:\local_idea_work\file)
2020-01-02 14:41:16.653 [main] INFO  com.iocasckani.KeyierappApplication - No active profile set, falling back to default profiles: default
2020-01-02 14:41:16.997 [background-preinit] INFO  org.hibernate.validator.internal.util.Version - HV000001: Hibernate Validator 5.3.6.Final
2020-01-02 14:41:17.108 [main] INFO  o.s.b.c.e.AnnotationConfigEmbeddedWebApplicationContext - Refreshing org.springframework.boot.context.embedded.AnnotationConfigEmbeddedWebApplicationContext@3349e9bb: startup date [Thu Jan 02 14:41:17 CST 2020]; root of context hierarchy
2020-01-02 14:41:17.674 [main] WARN  org.mybatis.spring.mapper.ClassPathMapperScanner - No MyBatis mapper was found in '[com.iocasckani.project.*.*.mapper]' package. Please check your configuration.
2020-01-02 14:41:18.084 [main] INFO  o.s.c.s.PostProcessorRegistrationDelegate$BeanPostProcessorChecker - Bean 'org.springframework.ws.config.annotation.DelegatingWsConfiguration' of type [org.springframework.ws.config.annotation.DelegatingWsConfiguration$$EnhancerBySpringCGLIB$$3573eff1] is not eligible for getting processed by all BeanPostProcessors (for example: not eligible for auto-proxying)
2020-01-02 14:41:18.133 [main] INFO  o.s.w.s.a.server.AnnotationActionEndpointMapping - Supporting [WS-Addressing August 2004, WS-Addressing 1.0]
2020-01-02 14:41:18.457 [main] INFO  o.s.b.c.e.tomcat.TomcatEmbeddedServletContainer - Tomcat initialized with port(s): 5881 (http)
2020-01-02 14:41:18.466 [main] INFO  org.apache.catalina.core.StandardService - Starting service [Tomcat]
2020-01-02 14:41:18.468 [main] INFO  org.apache.catalina.core.StandardEngine - Starting Servlet Engine: Apache Tomcat/8.5.27
2020-01-02 14:41:18.676 [localhost-startStop-1] INFO  o.a.c.core.ContainerBase.[Tomcat].[localhost].[/] - Initializing Spring embedded WebApplicationContext
2020-01-02 14:41:18.676 [localhost-startStop-1] INFO  org.springframework.web.context.ContextLoader - Root WebApplicationContext: initialization completed in 1568 ms
2020-01-02 14:41:18.834 [localhost-startStop-1] INFO  o.s.boot.web.servlet.ServletRegistrationBean - Mapping servlet: 'dispatcherServlet' to [/]
2020-01-02 14:41:18.835 [localhost-startStop-1] INFO  o.s.boot.web.servlet.ServletRegistrationBean - Mapping servlet: 'messageDispatcherServlet' to [/services/*]
2020-01-02 14:41:18.839 [localhost-startStop-1] INFO  o.s.boot.web.servlet.FilterRegistrationBean - Mapping filter: 'characterEncodingFilter' to: [/*]
2020-01-02 14:41:18.839 [localhost-startStop-1] INFO  o.s.boot.web.servlet.FilterRegistrationBean - Mapping filter: 'hiddenHttpMethodFilter' to: [/*]
2020-01-02 14:41:18.840 [localhost-startStop-1] INFO  o.s.boot.web.servlet.FilterRegistrationBean - Mapping filter: 'httpPutFormContentFilter' to: [/*]
2020-01-02 14:41:18.840 [localhost-startStop-1] INFO  o.s.boot.web.servlet.FilterRegistrationBean - Mapping filter: 'requestContextFilter' to: [/*]
2020-01-02 14:41:19.214 [main] INFO  o.s.w.s.m.m.a.RequestMappingHandlerAdapter - Looking for @ControllerAdvice: org.springframework.boot.context.embedded.AnnotationConfigEmbeddedWebApplicationContext@3349e9bb: startup date [Thu Jan 02 14:41:17 CST 2020]; root of context hierarchy
2020-01-02 14:41:19.261 [main] INFO  o.s.w.s.m.m.a.RequestMappingHandlerMapping - Mapped "{[/importADCPFile]}" onto public java.lang.String com.iocasckani.project.file_conversion.controller.ADCPConversionController.importFileCnv(javax.servlet.http.HttpServletRequest) throws java.io.IOException
2020-01-02 14:41:19.262 [main] INFO  o.s.w.s.m.m.a.RequestMappingHandlerMapping - Mapped "{[/importFolderCnv]}" onto public java.lang.String com.iocasckani.project.file_conversion.controller.CnvFileConversionController.importFolderCnv(javax.servlet.http.HttpServletRequest) throws java.io.IOException
2020-01-02 14:41:19.263 [main] INFO  o.s.w.s.m.m.a.RequestMappingHandlerMapping - Mapped "{[/importFileCnv]}" onto public java.lang.String com.iocasckani.project.file_conversion.controller.CnvFileConversionController.importFileCnv(javax.servlet.http.HttpServletRequest) throws java.io.IOException
2020-01-02 14:41:19.263 [main] INFO  o.s.w.s.m.m.a.RequestMappingHandlerMapping - Mapped "{[/upData]}" onto public java.lang.String com.iocasckani.project.file_conversion.controller.CsvFileConversionController.toCreateFile()
2020-01-02 14:41:19.264 [main] INFO  o.s.w.s.m.m.a.RequestMappingHandlerMapping - Mapped "{[/folderConversion]}" onto public java.lang.String com.iocasckani.project.file_conversion.controller.CsvFileConversionController.ImportGroupFile(org.springframework.web.multipart.MultipartFile,javax.servlet.http.HttpServletRequest) throws java.io.IOException
2020-01-02 14:41:19.264 [main] INFO  o.s.w.s.m.m.a.RequestMappingHandlerMapping - Mapped "{[/conversion]}" onto public java.lang.String com.iocasckani.project.file_conversion.controller.CsvFileConversionController.ImportFile(org.springframework.web.multipart.MultipartFile,javax.servlet.http.HttpServletRequest) throws java.io.IOException
2020-01-02 14:41:19.265 [main] INFO  o.s.w.s.m.m.a.RequestMappingHandlerMapping - Mapped "{[/importCTDFolderCnv]}" onto public java.lang.String com.iocasckani.project.file_conversion.controller.CTDCnvFolderConversionController.importFolderCnv(javax.servlet.http.HttpServletRequest) throws java.io.IOException
2020-01-02 14:41:19.265 [main] INFO  o.s.w.s.m.m.a.RequestMappingHandlerMapping - Mapped "{[/filedownload]}" onto public void com.iocasckani.project.file_conversion.controller.DownloadController.download(javax.servlet.http.HttpServletRequest,javax.servlet.http.HttpServletResponse,java.lang.String)
2020-01-02 14:41:19.266 [main] INFO  o.s.w.s.m.m.a.RequestMappingHandlerMapping - Mapped "{[/folderdownload]}" onto public java.lang.String com.iocasckani.project.file_conversion.controller.DownloadController.downloadFolder(javax.servlet.http.HttpServletRequest,javax.servlet.http.HttpServletResponse,java.lang.String)
2020-01-02 14:41:19.266 [main] INFO  o.s.w.s.m.m.a.RequestMappingHandlerMapping - Mapped "{[/mergeFolderCnv]}" onto public java.lang.String com.iocasckani.project.file_conversion.controller.merge.MergeCnvController.importFolderCnv(javax.servlet.http.HttpServletRequest,int) throws java.io.IOException
2020-01-02 14:41:19.266 [main] INFO  o.s.w.s.m.m.a.RequestMappingHandlerMapping - Mapped "{[/mergeCsvFolder]}" onto public java.lang.String com.iocasckani.project.file_conversion.controller.merge.MergeCsvController.MergeFolder(org.springframework.web.multipart.MultipartFile,javax.servlet.http.HttpServletRequest,int) throws java.io.IOException
2020-01-02 14:41:19.267 [main] INFO  o.s.w.s.m.m.a.RequestMappingHandlerMapping - Mapped "{[/SqlCTD]}" onto public static java.lang.String com.iocasckani.project.file_conversion.controller.Sql.CTDController.CtdConversion()
2020-01-02 14:41:19.270 [main] INFO  o.s.w.s.m.m.a.RequestMappingHandlerMapping - Mapped "{[/error]}" onto public org.springframework.http.ResponseEntity<java.util.Map<java.lang.String, java.lang.Object>> org.springframework.boot.autoconfigure.web.BasicErrorController.error(javax.servlet.http.HttpServletRequest)
2020-01-02 14:41:19.270 [main] INFO  o.s.w.s.m.m.a.RequestMappingHandlerMapping - Mapped "{[/error],produces=[text/html]}" onto public org.springframework.web.servlet.ModelAndView org.springframework.boot.autoconfigure.web.BasicErrorController.errorHtml(javax.servlet.http.HttpServletRequest,javax.servlet.http.HttpServletResponse)
2020-01-02 14:41:19.297 [main] INFO  o.s.web.servlet.handler.SimpleUrlHandlerMapping - Mapped URL path [/webjars/**] onto handler of type [class org.springframework.web.servlet.resource.ResourceHttpRequestHandler]
2020-01-02 14:41:19.298 [main] INFO  o.s.web.servlet.handler.SimpleUrlHandlerMapping - Mapped URL path [/**] onto handler of type [class org.springframework.web.servlet.resource.ResourceHttpRequestHandler]
2020-01-02 14:41:19.330 [main] INFO  o.s.web.servlet.handler.SimpleUrlHandlerMapping - Mapped URL path [/**/favicon.ico] onto handler of type [class org.springframework.web.servlet.resource.ResourceHttpRequestHandler]
2020-01-02 14:41:19.359 [main] WARN  org.thymeleaf.templatemode.TemplateMode - [THYMELEAF][main] Template Mode 'HTML5' is deprecated. Using Template Mode 'HTML' instead.
2020-01-02 14:41:19.828 [main] INFO  o.s.jmx.export.annotation.AnnotationMBeanExporter - Registering beans for JMX exposure on startup
2020-01-02 14:41:19.845 [main] INFO  org.apache.coyote.http11.Http11NioProtocol - Initializing ProtocolHandler ["http-nio-5881"]
2020-01-02 14:41:19.853 [main] INFO  org.apache.coyote.http11.Http11NioProtocol - Starting ProtocolHandler ["http-nio-5881"]
2020-01-02 14:41:19.863 [main] INFO  org.apache.tomcat.util.net.NioSelectorPool - Using a shared selector for servlet write/read
2020-01-02 14:41:19.884 [main] INFO  o.s.b.c.e.tomcat.TomcatEmbeddedServletContainer - Tomcat started on port(s): 5881 (http)
2020-01-02 14:41:19.888 [main] INFO  com.iocasckani.KeyierappApplication - Started KeyierappApplication in 4.411 seconds (JVM running for 7.754)
2020-01-02 14:42:11.452 [http-nio-5881-exec-1] INFO  o.a.c.core.ContainerBase.[Tomcat].[localhost].[/] - Initializing Spring FrameworkServlet 'dispatcherServlet'
2020-01-02 14:42:11.452 [http-nio-5881-exec-1] INFO  org.springframework.web.servlet.DispatcherServlet - FrameworkServlet 'dispatcherServlet': initialization started
2020-01-02 14:42:11.479 [http-nio-5881-exec-1] INFO  org.springframework.web.servlet.DispatcherServlet - FrameworkServlet 'dispatcherServlet': initialization completed in 26 ms
2020-01-02 14:46:38.943 [main] INFO  com.iocasckani.KeyierappApplication - Starting KeyierappApplication on DESKTOP-HDA3A8P with PID 9384 (D:\local_idea_work\file\target\classes started by 18487 in D:\local_idea_work\file)
2020-01-02 14:46:38.947 [main] INFO  com.iocasckani.KeyierappApplication - No active profile set, falling back to default profiles: default
2020-01-02 14:46:39.281 [background-preinit] INFO  org.hibernate.validator.internal.util.Version - HV000001: Hibernate Validator 5.3.6.Final
2020-01-02 14:46:39.443 [main] INFO  o.s.b.c.e.AnnotationConfigEmbeddedWebApplicationContext - Refreshing org.springframework.boot.context.embedded.AnnotationConfigEmbeddedWebApplicationContext@3349e9bb: startup date [Thu Jan 02 14:46:39 CST 2020]; root of context hierarchy
2020-01-02 14:46:39.906 [main] WARN  org.mybatis.spring.mapper.ClassPathMapperScanner - No MyBatis mapper was found in '[com.iocasckani.project.*.*.mapper]' package. Please check your configuration.
2020-01-02 14:46:40.316 [main] INFO  o.s.c.s.PostProcessorRegistrationDelegate$BeanPostProcessorChecker - Bean 'org.springframework.ws.config.annotation.DelegatingWsConfiguration' of type [org.springframework.ws.config.annotation.DelegatingWsConfiguration$$EnhancerBySpringCGLIB$$3a3414ce] is not eligible for getting processed by all BeanPostProcessors (for example: not eligible for auto-proxying)
2020-01-02 14:46:40.363 [main] INFO  o.s.w.s.a.server.AnnotationActionEndpointMapping - Supporting [WS-Addressing August 2004, WS-Addressing 1.0]
2020-01-02 14:46:40.672 [main] INFO  o.s.b.c.e.tomcat.TomcatEmbeddedServletContainer - Tomcat initialized with port(s): 5881 (http)
2020-01-02 14:46:40.682 [main] INFO  org.apache.catalina.core.StandardService - Starting service [Tomcat]
2020-01-02 14:46:40.683 [main] INFO  org.apache.catalina.core.StandardEngine - Starting Servlet Engine: Apache Tomcat/8.5.27
2020-01-02 14:46:40.946 [localhost-startStop-1] INFO  o.a.c.core.ContainerBase.[Tomcat].[localhost].[/] - Initializing Spring embedded WebApplicationContext
2020-01-02 14:46:40.946 [localhost-startStop-1] INFO  org.springframework.web.context.ContextLoader - Root WebApplicationContext: initialization completed in 1503 ms
2020-01-02 14:46:41.091 [localhost-startStop-1] INFO  o.s.boot.web.servlet.ServletRegistrationBean - Mapping servlet: 'dispatcherServlet' to [/]
2020-01-02 14:46:41.092 [localhost-startStop-1] INFO  o.s.boot.web.servlet.ServletRegistrationBean - Mapping servlet: 'messageDispatcherServlet' to [/services/*]
2020-01-02 14:46:41.095 [localhost-startStop-1] INFO  o.s.boot.web.servlet.FilterRegistrationBean - Mapping filter: 'characterEncodingFilter' to: [/*]
2020-01-02 14:46:41.096 [localhost-startStop-1] INFO  o.s.boot.web.servlet.FilterRegistrationBean - Mapping filter: 'hiddenHttpMethodFilter' to: [/*]
2020-01-02 14:46:41.096 [localhost-startStop-1] INFO  o.s.boot.web.servlet.FilterRegistrationBean - Mapping filter: 'httpPutFormContentFilter' to: [/*]
2020-01-02 14:46:41.096 [localhost-startStop-1] INFO  o.s.boot.web.servlet.FilterRegistrationBean - Mapping filter: 'requestContextFilter' to: [/*]
2020-01-02 14:46:41.390 [main] INFO  o.s.w.s.m.m.a.RequestMappingHandlerAdapter - Looking for @ControllerAdvice: org.springframework.boot.context.embedded.AnnotationConfigEmbeddedWebApplicationContext@3349e9bb: startup date [Thu Jan 02 14:46:39 CST 2020]; root of context hierarchy
2020-01-02 14:46:41.437 [main] INFO  o.s.w.s.m.m.a.RequestMappingHandlerMapping - Mapped "{[/importADCPFile]}" onto public java.lang.String com.iocasckani.project.file_conversion.controller.ADCPConversionController.importFileCnv(javax.servlet.http.HttpServletRequest) throws java.io.IOException
2020-01-02 14:46:41.438 [main] INFO  o.s.w.s.m.m.a.RequestMappingHandlerMapping - Mapped "{[/importFileCnv]}" onto public java.lang.String com.iocasckani.project.file_conversion.controller.CnvFileConversionController.importFileCnv(javax.servlet.http.HttpServletRequest) throws java.io.IOException
2020-01-02 14:46:41.439 [main] INFO  o.s.w.s.m.m.a.RequestMappingHandlerMapping - Mapped "{[/importFolderCnv]}" onto public java.lang.String com.iocasckani.project.file_conversion.controller.CnvFileConversionController.importFolderCnv(javax.servlet.http.HttpServletRequest) throws java.io.IOException
2020-01-02 14:46:41.440 [main] INFO  o.s.w.s.m.m.a.RequestMappingHandlerMapping - Mapped "{[/folderConversion]}" onto public java.lang.String com.iocasckani.project.file_conversion.controller.CsvFileConversionController.ImportGroupFile(org.springframework.web.multipart.MultipartFile,javax.servlet.http.HttpServletRequest) throws java.io.IOException
2020-01-02 14:46:41.440 [main] INFO  o.s.w.s.m.m.a.RequestMappingHandlerMapping - Mapped "{[/conversion]}" onto public java.lang.String com.iocasckani.project.file_conversion.controller.CsvFileConversionController.ImportFile(org.springframework.web.multipart.MultipartFile,javax.servlet.http.HttpServletRequest) throws java.io.IOException
2020-01-02 14:46:41.441 [main] INFO  o.s.w.s.m.m.a.RequestMappingHandlerMapping - Mapped "{[/upData]}" onto public java.lang.String com.iocasckani.project.file_conversion.controller.CsvFileConversionController.toCreateFile()
2020-01-02 14:46:41.442 [main] INFO  o.s.w.s.m.m.a.RequestMappingHandlerMapping - Mapped "{[/importCTDFolderCnv]}" onto public java.lang.String com.iocasckani.project.file_conversion.controller.CTDCnvFolderConversionController.importFolderCnv(javax.servlet.http.HttpServletRequest) throws java.io.IOException
2020-01-02 14:46:41.443 [main] INFO  o.s.w.s.m.m.a.RequestMappingHandlerMapping - Mapped "{[/filedownload]}" onto public void com.iocasckani.project.file_conversion.controller.DownloadController.download(javax.servlet.http.HttpServletRequest,javax.servlet.http.HttpServletResponse,java.lang.String)
2020-01-02 14:46:41.444 [main] INFO  o.s.w.s.m.m.a.RequestMappingHandlerMapping - Mapped "{[/folderdownload]}" onto public java.lang.String com.iocasckani.project.file_conversion.controller.DownloadController.downloadFolder(javax.servlet.http.HttpServletRequest,javax.servlet.http.HttpServletResponse,java.lang.String)
2020-01-02 14:46:41.444 [main] INFO  o.s.w.s.m.m.a.RequestMappingHandlerMapping - Mapped "{[/mergeFolderCnv]}" onto public java.lang.String com.iocasckani.project.file_conversion.controller.merge.MergeCnvController.importFolderCnv(javax.servlet.http.HttpServletRequest,int) throws java.io.IOException
2020-01-02 14:46:41.445 [main] INFO  o.s.w.s.m.m.a.RequestMappingHandlerMapping - Mapped "{[/mergeCsvFolder]}" onto public java.lang.String com.iocasckani.project.file_conversion.controller.merge.MergeCsvController.MergeFolder(org.springframework.web.multipart.MultipartFile,javax.servlet.http.HttpServletRequest,int) throws java.io.IOException
2020-01-02 14:46:41.446 [main] INFO  o.s.w.s.m.m.a.RequestMappingHandlerMapping - Mapped "{[/SqlCTD]}" onto public static java.lang.String com.iocasckani.project.file_conversion.controller.Sql.CTDController.CtdConversion()
2020-01-02 14:46:41.450 [main] INFO  o.s.w.s.m.m.a.RequestMappingHandlerMapping - Mapped "{[/error]}" onto public org.springframework.http.ResponseEntity<java.util.Map<java.lang.String, java.lang.Object>> org.springframework.boot.autoconfigure.web.BasicErrorController.error(javax.servlet.http.HttpServletRequest)
2020-01-02 14:46:41.451 [main] INFO  o.s.w.s.m.m.a.RequestMappingHandlerMapping - Mapped "{[/error],produces=[text/html]}" onto public org.springframework.web.servlet.ModelAndView org.springframework.boot.autoconfigure.web.BasicErrorController.errorHtml(javax.servlet.http.HttpServletRequest,javax.servlet.http.HttpServletResponse)
2020-01-02 14:46:41.482 [main] INFO  o.s.web.servlet.handler.SimpleUrlHandlerMapping - Mapped URL path [/webjars/**] onto handler of type [class org.springframework.web.servlet.resource.ResourceHttpRequestHandler]
2020-01-02 14:46:41.483 [main] INFO  o.s.web.servlet.handler.SimpleUrlHandlerMapping - Mapped URL path [/**] onto handler of type [class org.springframework.web.servlet.resource.ResourceHttpRequestHandler]
2020-01-02 14:46:41.515 [main] INFO  o.s.web.servlet.handler.SimpleUrlHandlerMapping - Mapped URL path [/**/favicon.ico] onto handler of type [class org.springframework.web.servlet.resource.ResourceHttpRequestHandler]
2020-01-02 14:46:41.544 [main] WARN  org.thymeleaf.templatemode.TemplateMode - [THYMELEAF][main] Template Mode 'HTML5' is deprecated. Using Template Mode 'HTML' instead.
2020-01-02 14:46:41.988 [main] INFO  o.s.jmx.export.annotation.AnnotationMBeanExporter - Registering beans for JMX exposure on startup
2020-01-02 14:46:42.004 [main] INFO  org.apache.coyote.http11.Http11NioProtocol - Initializing ProtocolHandler ["http-nio-5881"]
2020-01-02 14:46:42.014 [main] INFO  org.apache.coyote.http11.Http11NioProtocol - Starting ProtocolHandler ["http-nio-5881"]
2020-01-02 14:46:42.024 [main] INFO  org.apache.tomcat.util.net.NioSelectorPool - Using a shared selector for servlet write/read
2020-01-02 14:46:42.040 [main] INFO  o.s.b.c.e.tomcat.TomcatEmbeddedServletContainer - Tomcat started on port(s): 5881 (http)
2020-01-02 14:46:42.043 [main] INFO  com.iocasckani.KeyierappApplication - Started KeyierappApplication in 3.778 seconds (JVM running for 6.213)
2020-01-02 14:46:51.882 [http-nio-5881-exec-1] INFO  o.a.c.core.ContainerBase.[Tomcat].[localhost].[/] - Initializing Spring FrameworkServlet 'dispatcherServlet'
2020-01-02 14:46:51.882 [http-nio-5881-exec-1] INFO  org.springframework.web.servlet.DispatcherServlet - FrameworkServlet 'dispatcherServlet': initialization started
2020-01-02 14:46:51.901 [http-nio-5881-exec-1] INFO  org.springframework.web.servlet.DispatcherServlet - FrameworkServlet 'dispatcherServlet': initialization completed in 19 ms
2020-01-02 14:50:55.468 [main] INFO  com.iocasckani.KeyierappApplication - Starting KeyierappApplication on DESKTOP-HDA3A8P with PID 2132 (D:\local_idea_work\file\target\classes started by 18487 in D:\local_idea_work\file)
2020-01-02 14:50:55.472 [main] INFO  com.iocasckani.KeyierappApplication - No active profile set, falling back to default profiles: default
2020-01-02 14:50:55.820 [background-preinit] INFO  org.hibernate.validator.internal.util.Version - HV000001: Hibernate Validator 5.3.6.Final
2020-01-02 14:50:55.945 [main] INFO  o.s.b.c.e.AnnotationConfigEmbeddedWebApplicationContext - Refreshing org.springframework.boot.context.embedded.AnnotationConfigEmbeddedWebApplicationContext@3349e9bb: startup date [Thu Jan 02 14:50:55 CST 2020]; root of context hierarchy
2020-01-02 14:50:56.440 [main] WARN  org.mybatis.spring.mapper.ClassPathMapperScanner - No MyBatis mapper was found in '[com.iocasckani.project.*.*.mapper]' package. Please check your configuration.
2020-01-02 14:50:56.969 [main] INFO  o.s.c.s.PostProcessorRegistrationDelegate$BeanPostProcessorChecker - Bean 'org.springframework.ws.config.annotation.DelegatingWsConfiguration' of type [org.springframework.ws.config.annotation.DelegatingWsConfiguration$$EnhancerBySpringCGLIB$$3a3414ce] is not eligible for getting processed by all BeanPostProcessors (for example: not eligible for auto-proxying)
2020-01-02 14:50:57.022 [main] INFO  o.s.w.s.a.server.AnnotationActionEndpointMapping - Supporting [WS-Addressing August 2004, WS-Addressing 1.0]
2020-01-02 14:50:57.349 [main] INFO  o.s.b.c.e.tomcat.TomcatEmbeddedServletContainer - Tomcat initialized with port(s): 5881 (http)
2020-01-02 14:50:57.360 [main] INFO  org.apache.catalina.core.StandardService - Starting service [Tomcat]
2020-01-02 14:50:57.361 [main] INFO  org.apache.catalina.core.StandardEngine - Starting Servlet Engine: Apache Tomcat/8.5.27
2020-01-02 14:50:57.556 [localhost-startStop-1] INFO  o.a.c.core.ContainerBase.[Tomcat].[localhost].[/] - Initializing Spring embedded WebApplicationContext
2020-01-02 14:50:57.557 [localhost-startStop-1] INFO  org.springframework.web.context.ContextLoader - Root WebApplicationContext: initialization completed in 1612 ms
2020-01-02 14:50:57.709 [localhost-startStop-1] INFO  o.s.boot.web.servlet.ServletRegistrationBean - Mapping servlet: 'dispatcherServlet' to [/]
2020-01-02 14:50:57.710 [localhost-startStop-1] INFO  o.s.boot.web.servlet.ServletRegistrationBean - Mapping servlet: 'messageDispatcherServlet' to [/services/*]
2020-01-02 14:50:57.715 [localhost-startStop-1] INFO  o.s.boot.web.servlet.FilterRegistrationBean - Mapping filter: 'characterEncodingFilter' to: [/*]
2020-01-02 14:50:57.716 [localhost-startStop-1] INFO  o.s.boot.web.servlet.FilterRegistrationBean - Mapping filter: 'hiddenHttpMethodFilter' to: [/*]
2020-01-02 14:50:57.717 [localhost-startStop-1] INFO  o.s.boot.web.servlet.FilterRegistrationBean - Mapping filter: 'httpPutFormContentFilter' to: [/*]
2020-01-02 14:50:57.717 [localhost-startStop-1] INFO  o.s.boot.web.servlet.FilterRegistrationBean - Mapping filter: 'requestContextFilter' to: [/*]
2020-01-02 14:50:58.105 [main] INFO  o.s.w.s.m.m.a.RequestMappingHandlerAdapter - Looking for @ControllerAdvice: org.springframework.boot.context.embedded.AnnotationConfigEmbeddedWebApplicationContext@3349e9bb: startup date [Thu Jan 02 14:50:55 CST 2020]; root of context hierarchy
2020-01-02 14:50:58.181 [main] INFO  o.s.w.s.m.m.a.RequestMappingHandlerMapping - Mapped "{[/importADCPFile]}" onto public java.lang.String com.iocasckani.project.file_conversion.controller.ADCPConversionController.importFileCnv(javax.servlet.http.HttpServletRequest) throws java.io.IOException
2020-01-02 14:50:58.183 [main] INFO  o.s.w.s.m.m.a.RequestMappingHandlerMapping - Mapped "{[/importFileCnv]}" onto public java.lang.String com.iocasckani.project.file_conversion.controller.CnvFileConversionController.importFileCnv(javax.servlet.http.HttpServletRequest) throws java.io.IOException
2020-01-02 14:50:58.184 [main] INFO  o.s.w.s.m.m.a.RequestMappingHandlerMapping - Mapped "{[/importFolderCnv]}" onto public java.lang.String com.iocasckani.project.file_conversion.controller.CnvFileConversionController.importFolderCnv(javax.servlet.http.HttpServletRequest) throws java.io.IOException
2020-01-02 14:50:58.185 [main] INFO  o.s.w.s.m.m.a.RequestMappingHandlerMapping - Mapped "{[/upData]}" onto public java.lang.String com.iocasckani.project.file_conversion.controller.CsvFileConversionController.toCreateFile()
2020-01-02 14:50:58.185 [main] INFO  o.s.w.s.m.m.a.RequestMappingHandlerMapping - Mapped "{[/folderConversion]}" onto public java.lang.String com.iocasckani.project.file_conversion.controller.CsvFileConversionController.ImportGroupFile(org.springframework.web.multipart.MultipartFile,javax.servlet.http.HttpServletRequest) throws java.io.IOException
2020-01-02 14:50:58.186 [main] INFO  o.s.w.s.m.m.a.RequestMappingHandlerMapping - Mapped "{[/conversion]}" onto public java.lang.String com.iocasckani.project.file_conversion.controller.CsvFileConversionController.ImportFile(org.springframework.web.multipart.MultipartFile,javax.servlet.http.HttpServletRequest) throws java.io.IOException
2020-01-02 14:50:58.187 [main] INFO  o.s.w.s.m.m.a.RequestMappingHandlerMapping - Mapped "{[/importCTDFolderCnv]}" onto public java.lang.String com.iocasckani.project.file_conversion.controller.CTDCnvFolderConversionController.importFolderCnv(javax.servlet.http.HttpServletRequest) throws java.io.IOException
2020-01-02 14:50:58.188 [main] INFO  o.s.w.s.m.m.a.RequestMappingHandlerMapping - Mapped "{[/folderdownload]}" onto public java.lang.String com.iocasckani.project.file_conversion.controller.DownloadController.downloadFolder(javax.servlet.http.HttpServletRequest,javax.servlet.http.HttpServletResponse,java.lang.String)
2020-01-02 14:50:58.188 [main] INFO  o.s.w.s.m.m.a.RequestMappingHandlerMapping - Mapped "{[/filedownload]}" onto public void com.iocasckani.project.file_conversion.controller.DownloadController.download(javax.servlet.http.HttpServletRequest,javax.servlet.http.HttpServletResponse,java.lang.String)
2020-01-02 14:50:58.189 [main] INFO  o.s.w.s.m.m.a.RequestMappingHandlerMapping - Mapped "{[/mergeFolderCnv]}" onto public java.lang.String com.iocasckani.project.file_conversion.controller.merge.MergeCnvController.importFolderCnv(javax.servlet.http.HttpServletRequest,int) throws java.io.IOException
2020-01-02 14:50:58.189 [main] INFO  o.s.w.s.m.m.a.RequestMappingHandlerMapping - Mapped "{[/mergeCsvFolder]}" onto public java.lang.String com.iocasckani.project.file_conversion.controller.merge.MergeCsvController.MergeFolder(org.springframework.web.multipart.MultipartFile,javax.servlet.http.HttpServletRequest,int) throws java.io.IOException
2020-01-02 14:50:58.190 [main] INFO  o.s.w.s.m.m.a.RequestMappingHandlerMapping - Mapped "{[/SqlCTD]}" onto public static java.lang.String com.iocasckani.project.file_conversion.controller.Sql.CTDController.CtdConversion()
2020-01-02 14:50:58.194 [main] INFO  o.s.w.s.m.m.a.RequestMappingHandlerMapping - Mapped "{[/error]}" onto public org.springframework.http.ResponseEntity<java.util.Map<java.lang.String, java.lang.Object>> org.springframework.boot.autoconfigure.web.BasicErrorController.error(javax.servlet.http.HttpServletRequest)
2020-01-02 14:50:58.195 [main] INFO  o.s.w.s.m.m.a.RequestMappingHandlerMapping - Mapped "{[/error],produces=[text/html]}" onto public org.springframework.web.servlet.ModelAndView org.springframework.boot.autoconfigure.web.BasicErrorController.errorHtml(javax.servlet.http.HttpServletRequest,javax.servlet.http.HttpServletResponse)
2020-01-02 14:50:58.241 [main] INFO  o.s.web.servlet.handler.SimpleUrlHandlerMapping - Mapped URL path [/webjars/**] onto handler of type [class org.springframework.web.servlet.resource.ResourceHttpRequestHandler]
2020-01-02 14:50:58.241 [main] INFO  o.s.web.servlet.handler.SimpleUrlHandlerMapping - Mapped URL path [/**] onto handler of type [class org.springframework.web.servlet.resource.ResourceHttpRequestHandler]
2020-01-02 14:50:58.302 [main] INFO  o.s.web.servlet.handler.SimpleUrlHandlerMapping - Mapped URL path [/**/favicon.ico] onto handler of type [class org.springframework.web.servlet.resource.ResourceHttpRequestHandler]
2020-01-02 14:50:58.356 [main] WARN  org.thymeleaf.templatemode.TemplateMode - [THYMELEAF][main] Template Mode 'HTML5' is deprecated. Using Template Mode 'HTML' instead.
2020-01-02 14:50:58.817 [main] INFO  o.s.jmx.export.annotation.AnnotationMBeanExporter - Registering beans for JMX exposure on startup
2020-01-02 14:50:58.833 [main] INFO  org.apache.coyote.http11.Http11NioProtocol - Initializing ProtocolHandler ["http-nio-5881"]
2020-01-02 14:50:58.840 [main] INFO  org.apache.coyote.http11.Http11NioProtocol - Starting ProtocolHandler ["http-nio-5881"]
2020-01-02 14:50:58.850 [main] INFO  org.apache.tomcat.util.net.NioSelectorPool - Using a shared selector for servlet write/read
2020-01-02 14:50:58.866 [main] INFO  o.s.b.c.e.tomcat.TomcatEmbeddedServletContainer - Tomcat started on port(s): 5881 (http)
2020-01-02 14:50:58.870 [main] INFO  com.iocasckani.KeyierappApplication - Started KeyierappApplication in 4.1 seconds (JVM running for 6.106)
2020-01-02 14:51:02.723 [http-nio-5881-exec-1] INFO  o.a.c.core.ContainerBase.[Tomcat].[localhost].[/] - Initializing Spring FrameworkServlet 'dispatcherServlet'
2020-01-02 14:51:02.723 [http-nio-5881-exec-1] INFO  org.springframework.web.servlet.DispatcherServlet - FrameworkServlet 'dispatcherServlet': initialization started
2020-01-02 14:51:02.742 [http-nio-5881-exec-1] INFO  org.springframework.web.servlet.DispatcherServlet - FrameworkServlet 'dispatcherServlet': initialization completed in 19 ms
